GROUP,PACKAGE,CLASS,INSTRUCTION_MISSED,INSTRUCTION_COVERED,BRANCH_MISSED,BRANCH_COVERED,LINE_MISSED,LINE_COVERED,COMPLEXITY_MISSED,COMPLEXITY_COVERED,METHOD_MISSED,METHOD_COVERED
CPT206CW,cpt206cw3,Expense.PaymentMethod,0,42,0,0,0,9,0,3,0,3
CPT206CW,cpt206cw3,MonthlyLimitExceededException,0,39,0,0,0,9,0,4,0,4
CPT206CW,cpt206cw3,BudgetCLI,833,0,64,0,235,0,63,0,25,0
CPT206CW,cpt206cw3,BudgetManager,13,297,5,31,2,66,6,25,1,12
CPT206CW,cpt206cw3,Expense,20,30,0,0,2,8,1,4,1,4
CPT206CW,cpt206cw3,Transaction,21,30,0,2,2,10,1,5,1,4
CPT206CW,cpt206cw3,Income,15,14,0,0,1,5,1,3,1,3
CPT206CW,cpt206cw3,BudgetCategory,35,72,3,9,5,21,5,10,2,7
