<?xml version="1.0" encoding="UTF-8"?>
<testsuite xmlns:xsi="http://www.w3.org/2001/XMLSchema-instance" xsi:noNamespaceSchemaLocation="https://maven.apache.org/surefire/maven-surefire-plugin/xsd/surefire-test-report-3.0.xsd" version="3.0" name="cpt206cw3.BudgetManagerTest" time="0.064" tests="8" errors="0" skipped="0" failures="0">
  <properties>
[...]
</properties>
  <testcase name="shouldCalculateNetEarnings" classname="cpt206cw3.BudgetManagerTest" time="0.048"/>
  <testcase name="shouldAddExpenseWithinLimit" classname="cpt206cw3.BudgetManagerTest" time="0.002"/>
  <testcase name="shouldFilterLargeExpenses" classname="cpt206cw3.BudgetManagerTest" time="0.001"/>
  <testcase name="shouldHandleCategoryOperations" classname="cpt206cw3.BudgetManagerTest" time="0.002"/>
  <testcase name="shouldFilterTransactionsByDate" classname="cpt206cw3.BudgetManagerTest" time="0.001"/>
  <testcase name="shouldFilterExpensesByCategory" classname="cpt206cw3.BudgetManagerTest" time="0.001"/>
  <testcase name="shouldAddIncomeCorrectly" classname="cpt206cw3.BudgetManagerTest" time="0.001"/>
  <testcase name="shouldRejectExpenseOverLimit" classname="cpt206cw3.BudgetManagerTest" time="0.002"/>
</testsuite>